<?xml version="1.0" encoding="UTF-8"?>
<!-- Generated by org.testng.reporters.JUnitReportReporter -->
<testsuite skipped="0" hostname="Butterfly" name="com.practice.java.TestngAnnotations" tests="3" failures="0" timestamp="01 Aug 2020 18:25:33 GMT" time="0.012" errors="0">
  <testcase name="test3" time="0.002" classname="com.practice.java.TestngAnnotations"/>
  <testcase name="test1" time="0.006" classname="com.practice.java.TestngAnnotations"/>
  <testcase name="atest2" time="0.004" classname="com.practice.java.TestngAnnotations"/>
</testsuite> <!-- com.practice.java.TestngAnnotations -->
