<?xml version="1.0" encoding="UTF-8"?>
<!-- Generated by org.testng.reporters.JUnitReportReporter -->
<testsuite skipped="0" hostname="Butterfly" name="com.practice.java.TestngDependentTests" tests="3" failures="0" timestamp="02 Aug 2020 07:10:43 GMT" time="0.016" errors="0">
  <testcase name="signIn" time="0.001" classname="com.practice.java.TestngDependentTests"/>
  <testcase name="LogOut" time="0.003" classname="com.practice.java.TestngDependentTests"/>
  <testcase name="openBrowser" time="0.012" classname="com.practice.java.TestngDependentTests"/>
</testsuite> <!-- com.practice.java.TestngDependentTests -->
