<?xml version="1.0" encoding="UTF-8"?>
<!-- Generated by org.testng.reporters.JUnitReportReporter -->
<testsuite skipped="0" hostname="Butterfly" name="com.practice.java.TestngPriority" tests="3" failures="0" timestamp="03 Aug 2020 14:29:48 GMT" time="0.015" errors="0">
  <testcase name="fillForm" time="0.012" classname="com.practice.java.TestngPriority"/>
  <testcase name="openBrowser" time="0.002" classname="com.practice.java.TestngPriority"/>
  <testcase name="CloseBrowser" time="0.001" classname="com.practice.java.TestngPriority"/>
</testsuite> <!-- com.practice.java.TestngPriority -->
